<?xml version="1.0" encoding="UTF-8"?>
<testsuite name="PythagoreanTripletTest" tests="7" skipped="0" failures="0" errors="0" timestamp="2021-12-30T08:05:23" hostname="DESKTOP-TCC4819" time="1.035">
  <properties/>
  <testcase name="tripletsWhoseSumIs1000()" classname="PythagoreanTripletTest" time="0.615"/>
  <testcase name="tripletsWhoseSumIs1001()" classname="PythagoreanTripletTest" time="0.009"/>
  <testcase name="tripletsWhoseSumIs108()" classname="PythagoreanTripletTest" time="0.005"/>
  <testcase name="tripletsWhoseSumIs840()" classname="PythagoreanTripletTest" time="0.006"/>
  <testcase name="tripletsWhoseSumIs12()" classname="PythagoreanTripletTest" time="0.002"/>
  <testcase name="tripletsWhoseSumIs90()" classname="PythagoreanTripletTest" time="0.001"/>
  <testcase name="tripletsWhoseSumIs30000()" classname="PythagoreanTripletTest" time="0.375"/>
  <system-out><![CDATA[]]></system-out>
  <system-err><![CDATA[]]></system-err>
</testsuite>
